<?xml version="1.0" encoding="utf-8"?><testsuites name="pytest tests"><testsuite name="pytest" errors="0" failures="0" skipped="0" tests="32" time="13.593" timestamp="2026-04-22T04:56:40.304905+00:00" hostname="agent-env-908e665f-7456-4d74-b876-3bd5c5ec69ec"><testcase classname="backend.tests.test_admin_wingman_chat.TestAdminLogin" name="test_login_success" time="0.460" /><testcase classname="backend.tests.test_admin_wingman_chat.TestAdminLogin" name="test_login_wrong_password" time="0.461" /><testcase classname="backend.tests.test_admin_wingman_chat.TestAdminLogin" name="test_admin_me_requires_token" time="0.155" /><testcase classname="backend.tests.test_admin_wingman_chat.TestAdminLogin" name="test_admin_me_with_token" time="0.373" /><testcase classname="backend.tests.test_admin_wingman_chat.TestAdminAuthGuards" name="test_unauthed_returns_401[/admin/stats]" time="0.119" /><testcase classname="backend.tests.test_admin_wingman_chat.TestAdminAuthGuards" name="test_unauthed_returns_401[/admin/bookings]" time="0.154" /><testcase classname="backend.tests.test_admin_wingman_chat.TestAdminAuthGuards" name="test_unauthed_returns_401[/admin/quotes]" time="0.148" /><testcase classname="backend.tests.test_admin_wingman_chat.TestAdminAuthGuards" name="test_unauthed_returns_401[/admin/contacts]" time="0.106" /><testcase classname="backend.tests.test_admin_wingman_chat.TestAdminAuthGuards" name="test_unauthed_returns_401[/admin/chats]" time="0.102" /><testcase classname="backend.tests.test_admin_wingman_chat.TestAdminAuthGuards" name="test_unauthed_returns_401[/wingman/leads]" time="0.130" /><testcase classname="backend.tests.test_admin_wingman_chat.TestAdminAuthGuards" name="test_unauthed_returns_401[/wingman/research]" time="0.152" /><testcase classname="backend.tests.test_admin_wingman_chat.TestAdminAuthGuards" name="test_unauthed_returns_401[/wingman/competitors]" time="0.103" /><testcase classname="backend.tests.test_admin_wingman_chat.TestAdminAuthGuards" name="test_authed_returns_200[/admin/stats]" time="0.379" /><testcase classname="backend.tests.test_admin_wingman_chat.TestAdminAuthGuards" name="test_authed_returns_200[/admin/bookings]" time="0.379" /><testcase classname="backend.tests.test_admin_wingman_chat.TestAdminAuthGuards" name="test_authed_returns_200[/admin/quotes]" time="0.381" /><testcase classname="backend.tests.test_admin_wingman_chat.TestAdminAuthGuards" name="test_authed_returns_200[/admin/contacts]" time="0.407" /><testcase classname="backend.tests.test_admin_wingman_chat.TestAdminAuthGuards" name="test_authed_returns_200[/admin/chats]" time="0.377" /><testcase classname="backend.tests.test_admin_wingman_chat.TestAdminAuthGuards" name="test_authed_returns_200[/wingman/leads]" time="0.390" /><testcase classname="backend.tests.test_admin_wingman_chat.TestAdminAuthGuards" name="test_authed_returns_200[/wingman/research]" time="0.428" /><testcase classname="backend.tests.test_admin_wingman_chat.TestAdminAuthGuards" name="test_authed_returns_200[/wingman/competitors]" time="0.420" /><testcase classname="backend.tests.test_admin_wingman_chat.TestAdminAuthGuards" name="test_stats_fields" time="0.380" /><testcase classname="backend.tests.test_admin_wingman_chat.TestAdminBookingPatch" name="test_patch_status_flow" time="0.495" /><testcase classname="backend.tests.test_admin_wingman_chat.TestAdminBookingPatch" name="test_patch_invalid_status" time="0.510" /><testcase classname="backend.tests.test_admin_wingman_chat.TestAdminBookingPatch" name="test_patch_unknown_id" time="0.381" /><testcase classname="backend.tests.test_admin_wingman_chat.TestWingman" name="test_lead_push_unauth_and_list_auth" time="0.439" /><testcase classname="backend.tests.test_admin_wingman_chat.TestWingman" name="test_research_push_unauth_and_list_auth" time="0.457" /><testcase classname="backend.tests.test_admin_wingman_chat.TestWingman" name="test_competitor_push_unauth_and_list_auth" time="0.455" /><testcase classname="backend.tests.test_admin_wingman_chat.TestChat" name="test_chat_new_conversation_and_persist" time="4.228" /><testcase classname="backend.tests.test_admin_wingman_chat.TestRegression" name="test_root" time="0.136" /><testcase classname="backend.tests.test_admin_wingman_chat.TestRegression" name="test_availability" time="0.109" /><testcase classname="backend.tests.test_admin_wingman_chat.TestRegression" name="test_contact" time="0.111" /><testcase classname="backend.tests.test_admin_wingman_chat.TestRegression" name="test_booking_create" time="0.105" /></testsuite></testsuites>