<?xml version="1.0" encoding="utf-8"?><testsuites name="pytest tests"><testsuite name="pytest" errors="0" failures="0" skipped="0" tests="16" time="3.009" timestamp="2026-04-21T16:57:12.654355+00:00" hostname="agent-env-908e665f-7456-4d74-b876-3bd5c5ec69ec"><testcase classname="backend.tests.test_purebreeze_api.TestHealth" name="test_root" time="0.278" /><testcase classname="backend.tests.test_purebreeze_api.TestContact" name="test_submit_contact" time="0.160" /><testcase classname="backend.tests.test_purebreeze_api.TestContact" name="test_contact_minimal" time="0.135" /><testcase classname="backend.tests.test_purebreeze_api.TestContact" name="test_contact_missing_required" time="0.125" /><testcase classname="backend.tests.test_purebreeze_api.TestContact" name="test_contact_persisted" time="0.251" /><testcase classname="backend.tests.test_purebreeze_api.TestLeads" name="test_quotes_no_objectid" time="0.112" /><testcase classname="backend.tests.test_purebreeze_api.TestLeads" name="test_contacts_no_objectid" time="0.208" /><testcase classname="backend.tests.test_purebreeze_api.TestBookingAvailability" name="test_availability_future_date" time="0.124" /><testcase classname="backend.tests.test_purebreeze_api.TestBookingAvailability" name="test_availability_invalid_date" time="0.167" /><testcase classname="backend.tests.test_purebreeze_api.TestBookingAvailability" name="test_availability_missing_date_param" time="0.136" /><testcase classname="backend.tests.test_purebreeze_api.TestBookingCreate" name="test_create_and_decrement" time="0.210" /><testcase classname="backend.tests.test_purebreeze_api.TestBookingCreate" name="test_create_invalid_time_slot" time="0.144" /><testcase classname="backend.tests.test_purebreeze_api.TestBookingCreate" name="test_create_invalid_date" time="0.136" /><testcase classname="backend.tests.test_purebreeze_api.TestBookingCreate" name="test_create_missing_required" time="0.160" /><testcase classname="backend.tests.test_purebreeze_api.TestBookingCreate" name="test_slot_full_returns_409" time="0.361" /><testcase classname="backend.tests.test_purebreeze_api.TestBookingsList" name="test_list_bookings_no_objectid" time="0.119" /></testsuite></testsuites>