<?xml version="1.0" encoding="utf-8"?><testsuites name="pytest tests"><testsuite name="pytest" errors="0" failures="0" skipped="0" tests="13" time="11.332" timestamp="2026-04-21T16:43:26.055612+00:00" hostname="agent-env-908e665f-7456-4d74-b876-3bd5c5ec69ec"><testcase classname="backend.tests.test_purebreeze_api.TestHealth" name="test_root" time="0.297" /><testcase classname="backend.tests.test_purebreeze_api.TestQuoteAnalyze" name="test_analyze_split_system" time="2.113" /><testcase classname="backend.tests.test_purebreeze_api.TestQuoteAnalyze" name="test_analyze_with_data_url_prefix" time="1.714" /><testcase classname="backend.tests.test_purebreeze_api.TestQuoteAnalyze" name="test_analyze_service_type_variants[ducted]" time="1.451" /><testcase classname="backend.tests.test_purebreeze_api.TestQuoteAnalyze" name="test_analyze_service_type_variants[commercial]" time="1.677" /><testcase classname="backend.tests.test_purebreeze_api.TestQuoteAnalyze" name="test_analyze_service_type_variants[window]" time="1.374" /><testcase classname="backend.tests.test_purebreeze_api.TestQuoteAnalyze" name="test_analyze_persists_lead" time="1.705" /><testcase classname="backend.tests.test_purebreeze_api.TestContact" name="test_submit_contact" time="0.161" /><testcase classname="backend.tests.test_purebreeze_api.TestContact" name="test_contact_minimal" time="0.119" /><testcase classname="backend.tests.test_purebreeze_api.TestContact" name="test_contact_missing_required" time="0.148" /><testcase classname="backend.tests.test_purebreeze_api.TestContact" name="test_contact_persisted" time="0.191" /><testcase classname="backend.tests.test_purebreeze_api.TestLeads" name="test_quotes_no_objectid" time="0.113" /><testcase classname="backend.tests.test_purebreeze_api.TestLeads" name="test_contacts_no_objectid" time="0.114" /></testsuite></testsuites>